{"$message_type":"diagnostic","message":"unused imports: `EventContext`, `EventType`, `Event`, and `Level`","code":{"code":"unused_imports","explanation":null},"level":"warning","spans":[{"file_name":"wraith-server/src/models/mod.rs","byte_start":164,"byte_end":169,"line_start":8,"line_end":8,"column_start":40,"column_end":45,"is_primary":true,"text":[{"text":"pub use wraith_common::{ClientMessage, Event, EventBatch, EventContext, EventType, Level};","highlight_start":40,"highlight_end":45}],"label":null,"suggested_replacement":null,"suggestion_applicability":null,"expansion":null},{"file_name":"wraith-server/src/models/mod.rs","byte_start":183,"byte_end":195,"line_start":8,"line_end":8,"column_start":59,"column_end":71,"is_primary":true,"text":[{"text":"pub use wraith_common::{ClientMessage, Event, EventBatch, EventContext, EventType, Level};","highlight_start":59,"highlight_end":71}],"label":null,"suggested_replacement":null,"suggestion_applicability":null,"expansion":null},{"file_name":"wraith-server/src/models/mod.rs","byte_start":197,"byte_end":206,"line_start":8,"line_end":8,"column_start":73,"column_end":82,"is_primary":true,"text":[{"text":"pub use wraith_common::{ClientMessage, Event, EventBatch, EventContext, EventType, Level};","highlight_start":73,"highlight_end":82}],"label":null,"suggested_replacement":null,"suggestion_applicability":null,"expansion":null},{"file_name":"wraith-server/src/models/mod.rs","byte_start":208,"byte_end":213,"line_start":8,"line_end":8,"column_start":84,"column_end":89,"is_primary":true,"text":[{"text":"pub use wraith_common::{ClientMessage, Event, EventBatch, EventContext, EventType, Level};","highlight_start":84,"highlight_end":89}],"label":null,"suggested_replacement":null,"suggestion_applicability":null,"expansion":null}],"children":[{"message":"`#[warn(unused_imports)]` (part of `#[warn(unused)]`) on by default","code":null,"level":"note","spans":[],"children":[],"rendered":null},{"message":"remove the unused imports","code":null,"level":"help","spans":[{"file_name":"wraith-server/src/models/mod.rs","byte_start":162,"byte_end":169,"line_start":8,"line_end":8,"column_start":38,"column_end":45,"is_primary":true,"text":[{"text":"pub use wraith_common::{ClientMessage, Event, EventBatch, EventContext, EventType, Level};","highlight_start":38,"highlight_end":45}],"label":null,"suggested_replacement":"","suggestion_applicability":"MachineApplicable","expansion":null},{"file_name":"wraith-server/src/models/mod.rs","byte_start":181,"byte_end":213,"line_start":8,"line_end":8,"column_start":57,"column_end":89,"is_primary":true,"text":[{"text":"pub use wraith_common::{ClientMessage, Event, EventBatch, EventContext, EventType, Level};","highlight_start":57,"highlight_end":89}],"label":null,"suggested_replacement":"","suggestion_applicability":"MachineApplicable","expansion":null}],"children":[],"rendered":null}],"rendered":"\u001b[1m\u001b[33mwarning\u001b[0m\u001b[1m: unused imports: `EventContext`, `EventType`, `Event`, and `Level`\u001b[0m\n \u001b[1m\u001b[94m--> \u001b[0mwraith-server/src/models/mod.rs:8:40\n  \u001b[1m\u001b[94m|\u001b[0m\n\u001b[1m\u001b[94m8\u001b[0m \u001b[1m\u001b[94m|\u001b[0m pub use wraith_common::{ClientMessage, Event, EventBatch, EventContext, EventType, Level};\n  \u001b[1m\u001b[94m|\u001b[0m                                        \u001b[1m\u001b[33m^^^^^\u001b[0m              \u001b[1m\u001b[33m^^^^^^^^^^^^\u001b[0m  \u001b[1m\u001b[33m^^^^^^^^^\u001b[0m  \u001b[1m\u001b[33m^^^^^\u001b[0m\n  \u001b[1m\u001b[94m|\u001b[0m\n  \u001b[1m\u001b[94m= \u001b[0m\u001b[1mnote\u001b[0m: `#[warn(unused_imports)]` (part of `#[warn(unused)]`) on by default\n\n"}
{"$message_type":"diagnostic","message":"`?` couldn't convert the error: `dyn StdError + std::marker::Send + Sync: Sized` is not satisfied","code":{"code":"E0277","explanation":"You tried to use a type which doesn't implement some trait in a place which\nexpected that trait.\n\nErroneous code example:\n\n```compile_fail,E0277\n// here we declare the Foo trait with a bar method\ntrait Foo {\n    fn bar(&self);\n}\n\n// we now declare a function which takes an object implementing the Foo trait\nfn some_func<T: Foo>(foo: T) {\n    foo.bar();\n}\n\nfn main() {\n    // we now call the method with the i32 type, which doesn't implement\n    // the Foo trait\n    some_func(5i32); // error: the trait bound `i32 : Foo` is not satisfied\n}\n```\n\nIn order to fix this error, verify that the type you're using does implement\nthe trait. Example:\n\n```\ntrait Foo {\n    fn bar(&self);\n}\n\n// we implement the trait on the i32 type\nimpl Foo for i32 {\n    fn bar(&self) {}\n}\n\nfn some_func<T: Foo>(foo: T) {\n    foo.bar(); // we can now use this method since i32 implements the\n               // Foo trait\n}\n\nfn main() {\n    some_func(5i32); // ok!\n}\n```\n\nOr in a generic context, an erroneous code example would look like:\n\n```compile_fail,E0277\nfn some_func<T>(foo: T) {\n    println!(\"{:?}\", foo); // error: the trait `core::fmt::Debug` is not\n                           //        implemented for the type `T`\n}\n\nfn main() {\n    // We now call the method with the i32 type,\n    // which *does* implement the Debug trait.\n    some_func(5i32);\n}\n```\n\nNote that the error here is in the definition of the generic function. Although\nwe only call it with a parameter that does implement `Debug`, the compiler\nstill rejects the function. It must work with all possible input types. In\norder to make this example compile, we need to restrict the generic type we're\naccepting:\n\n```\nuse std::fmt;\n\n// Restrict the input type to types that implement Debug.\nfn some_func<T: fmt::Debug>(foo: T) {\n    println!(\"{:?}\", foo);\n}\n\nfn main() {\n    // Calling the method is still fine, as i32 implements Debug.\n    some_func(5i32);\n\n    // This would fail to compile now:\n    // struct WithoutDebug;\n    // some_func(WithoutDebug);\n}\n```\n\nRust only looks at the signature of the called function, as such it must\nalready specify all requirements that will be used for every type parameter.\n"},"level":"error","spans":[{"file_name":"wraith-server/src/main.rs","byte_start":1606,"byte_end":1681,"line_start":64,"line_end":64,"column_start":16,"column_end":91,"is_primary":false,"text":[{"text":"    let nats = NatsPublisher::connect(&config.nats_url, config.nats_subject.clone()).await?;","highlight_start":16,"highlight_end":91}],"label":"this can't be annotated with `?` because it has type `Result<_, Box<dyn StdError + std::marker::Send + Sync>>`","suggested_replacement":null,"suggestion_applicability":null,"expansion":null},{"file_name":"wraith-server/src/main.rs","byte_start":1681,"byte_end":1682,"line_start":64,"line_end":64,"column_start":91,"column_end":92,"is_primary":true,"text":[{"text":"    let nats = NatsPublisher::connect(&config.nats_url, config.nats_subject.clone()).await?;","highlight_start":91,"highlight_end":92}],"label":"doesn't have a size known at compile-time","suggested_replacement":null,"suggestion_applicability":null,"expansion":{"span":{"file_name":"wraith-server/src/main.rs","byte_start":1681,"byte_end":1682,"line_start":64,"line_end":64,"column_start":91,"column_end":92,"is_primary":false,"text":[{"text":"    let nats = NatsPublisher::connect(&config.nats_url, config.nats_subject.clone()).await?;","highlight_start":91,"highlight_end":92}],"label":null,"suggested_replacement":null,"suggestion_applicability":null,"expansion":null},"macro_decl_name":"desugaring of operator `?`","def_site_span":{"file_name":"wraith-server/src/main.rs","byte_start":0,"byte_end":0,"line_start":1,"line_end":1,"column_start":1,"column_end":1,"is_primary":false,"text":[],"label":null,"suggested_replacement":null,"suggestion_applicability":null,"expansion":null}}}],"children":[{"message":"the trait `Sized` is not implemented for `dyn StdError + std::marker::Send + Sync`","code":null,"level":"help","spans":[],"children":[],"rendered":null},{"message":"the question mark operation (`?`) implicitly performs a conversion on the error value using the `From` trait","code":null,"level":"note","spans":[],"children":[],"rendered":null},{"message":"required for `Box<dyn StdError + std::marker::Send + Sync>` to implement `StdError`","code":null,"level":"note","spans":[],"children":[],"rendered":null},{"message":"required for `Box<dyn StdError>` to implement `From<Box<dyn StdError + std::marker::Send + Sync>>`","code":null,"level":"note","spans":[],"children":[],"rendered":null}],"rendered":"\u001b[1m\u001b[91merror[E0277]\u001b[0m\u001b[1m: `?` couldn't convert the error: `dyn StdError + std::marker::Send + Sync: Sized` is not satisfied\u001b[0m\n  \u001b[1m\u001b[94m--> \u001b[0mwraith-server/src/main.rs:64:91\n   \u001b[1m\u001b[94m|\u001b[0m\n\u001b[1m\u001b[94m64\u001b[0m \u001b[1m\u001b[94m|\u001b[0m     let nats = NatsPublisher::connect(&config.nats_url, config.nats_subject.clone()).await?;\n   \u001b[1m\u001b[94m|\u001b[0m                \u001b[1m\u001b[94m---------------------------------------------------------------------------\u001b[0m\u001b[1m\u001b[91m^\u001b[0m \u001b[1m\u001b[91mdoesn't have a size known at compile-time\u001b[0m\n   \u001b[1m\u001b[94m|\u001b[0m                \u001b[1m\u001b[94m|\u001b[0m\n   \u001b[1m\u001b[94m|\u001b[0m                \u001b[1m\u001b[94mthis can't be annotated with `?` because it has type `Result<_, Box<dyn StdError + std::marker::Send + Sync>>`\u001b[0m\n   \u001b[1m\u001b[94m|\u001b[0m\n   \u001b[1m\u001b[94m= \u001b[0m\u001b[1mhelp\u001b[0m: the trait `Sized` is not implemented for `dyn StdError + std::marker::Send + Sync`\n   \u001b[1m\u001b[94m= \u001b[0m\u001b[1mnote\u001b[0m: the question mark operation (`?`) implicitly performs a conversion on the error value using the `From` trait\n   \u001b[1m\u001b[94m= \u001b[0m\u001b[1mnote\u001b[0m: required for `Box<dyn StdError + std::marker::Send + Sync>` to implement `StdError`\n   \u001b[1m\u001b[94m= \u001b[0m\u001b[1mnote\u001b[0m: required for `Box<dyn StdError>` to implement `From<Box<dyn StdError + std::marker::Send + Sync>>`\n\n"}
{"$message_type":"diagnostic","message":"`?` couldn't convert the error: `dyn StdError + std::marker::Send + Sync: Sized` is not satisfied","code":{"code":"E0277","explanation":"You tried to use a type which doesn't implement some trait in a place which\nexpected that trait.\n\nErroneous code example:\n\n```compile_fail,E0277\n// here we declare the Foo trait with a bar method\ntrait Foo {\n    fn bar(&self);\n}\n\n// we now declare a function which takes an object implementing the Foo trait\nfn some_func<T: Foo>(foo: T) {\n    foo.bar();\n}\n\nfn main() {\n    // we now call the method with the i32 type, which doesn't implement\n    // the Foo trait\n    some_func(5i32); // error: the trait bound `i32 : Foo` is not satisfied\n}\n```\n\nIn order to fix this error, verify that the type you're using does implement\nthe trait. Example:\n\n```\ntrait Foo {\n    fn bar(&self);\n}\n\n// we implement the trait on the i32 type\nimpl Foo for i32 {\n    fn bar(&self) {}\n}\n\nfn some_func<T: Foo>(foo: T) {\n    foo.bar(); // we can now use this method since i32 implements the\n               // Foo trait\n}\n\nfn main() {\n    some_func(5i32); // ok!\n}\n```\n\nOr in a generic context, an erroneous code example would look like:\n\n```compile_fail,E0277\nfn some_func<T>(foo: T) {\n    println!(\"{:?}\", foo); // error: the trait `core::fmt::Debug` is not\n                           //        implemented for the type `T`\n}\n\nfn main() {\n    // We now call the method with the i32 type,\n    // which *does* implement the Debug trait.\n    some_func(5i32);\n}\n```\n\nNote that the error here is in the definition of the generic function. Although\nwe only call it with a parameter that does implement `Debug`, the compiler\nstill rejects the function. It must work with all possible input types. In\norder to make this example compile, we need to restrict the generic type we're\naccepting:\n\n```\nuse std::fmt;\n\n// Restrict the input type to types that implement Debug.\nfn some_func<T: fmt::Debug>(foo: T) {\n    println!(\"{:?}\", foo);\n}\n\nfn main() {\n    // Calling the method is still fine, as i32 implements Debug.\n    some_func(5i32);\n\n    // This would fail to compile now:\n    // struct WithoutDebug;\n    // some_func(WithoutDebug);\n}\n```\n\nRust only looks at the signature of the called function, as such it must\nalready specify all requirements that will be used for every type parameter.\n"},"level":"error","spans":[{"file_name":"wraith-server/src/main.rs","byte_start":1755,"byte_end":1793,"line_start":67,"line_end":67,"column_start":20,"column_end":58,"is_primary":false,"text":[{"text":"    let consumer = ClickHouseConsumer::new(&config).await?;","highlight_start":20,"highlight_end":58}],"label":"this can't be annotated with `?` because it has type `Result<_, Box<dyn StdError + std::marker::Send + Sync>>`","suggested_replacement":null,"suggestion_applicability":null,"expansion":null},{"file_name":"wraith-server/src/main.rs","byte_start":1793,"byte_end":1794,"line_start":67,"line_end":67,"column_start":58,"column_end":59,"is_primary":true,"text":[{"text":"    let consumer = ClickHouseConsumer::new(&config).await?;","highlight_start":58,"highlight_end":59}],"label":"doesn't have a size known at compile-time","suggested_replacement":null,"suggestion_applicability":null,"expansion":{"span":{"file_name":"wraith-server/src/main.rs","byte_start":1793,"byte_end":1794,"line_start":67,"line_end":67,"column_start":58,"column_end":59,"is_primary":false,"text":[{"text":"    let consumer = ClickHouseConsumer::new(&config).await?;","highlight_start":58,"highlight_end":59}],"label":null,"suggested_replacement":null,"suggestion_applicability":null,"expansion":null},"macro_decl_name":"desugaring of operator `?`","def_site_span":{"file_name":"wraith-server/src/main.rs","byte_start":0,"byte_end":0,"line_start":1,"line_end":1,"column_start":1,"column_end":1,"is_primary":false,"text":[],"label":null,"suggested_replacement":null,"suggestion_applicability":null,"expansion":null}}}],"children":[{"message":"the trait `Sized` is not implemented for `dyn StdError + std::marker::Send + Sync`","code":null,"level":"help","spans":[],"children":[],"rendered":null},{"message":"the question mark operation (`?`) implicitly performs a conversion on the error value using the `From` trait","code":null,"level":"note","spans":[],"children":[],"rendered":null},{"message":"required for `Box<dyn StdError + std::marker::Send + Sync>` to implement `StdError`","code":null,"level":"note","spans":[],"children":[],"rendered":null},{"message":"required for `Box<dyn StdError>` to implement `From<Box<dyn StdError + std::marker::Send + Sync>>`","code":null,"level":"note","spans":[],"children":[],"rendered":null}],"rendered":"\u001b[1m\u001b[91merror[E0277]\u001b[0m\u001b[1m: `?` couldn't convert the error: `dyn StdError + std::marker::Send + Sync: Sized` is not satisfied\u001b[0m\n  \u001b[1m\u001b[94m--> \u001b[0mwraith-server/src/main.rs:67:58\n   \u001b[1m\u001b[94m|\u001b[0m\n\u001b[1m\u001b[94m67\u001b[0m \u001b[1m\u001b[94m|\u001b[0m     let consumer = ClickHouseConsumer::new(&config).await?;\n   \u001b[1m\u001b[94m|\u001b[0m                    \u001b[1m\u001b[94m--------------------------------------\u001b[0m\u001b[1m\u001b[91m^\u001b[0m \u001b[1m\u001b[91mdoesn't have a size known at compile-time\u001b[0m\n   \u001b[1m\u001b[94m|\u001b[0m                    \u001b[1m\u001b[94m|\u001b[0m\n   \u001b[1m\u001b[94m|\u001b[0m                    \u001b[1m\u001b[94mthis can't be annotated with `?` because it has type `Result<_, Box<dyn StdError + std::marker::Send + Sync>>`\u001b[0m\n   \u001b[1m\u001b[94m|\u001b[0m\n   \u001b[1m\u001b[94m= \u001b[0m\u001b[1mhelp\u001b[0m: the trait `Sized` is not implemented for `dyn StdError + std::marker::Send + Sync`\n   \u001b[1m\u001b[94m= \u001b[0m\u001b[1mnote\u001b[0m: the question mark operation (`?`) implicitly performs a conversion on the error value using the `From` trait\n   \u001b[1m\u001b[94m= \u001b[0m\u001b[1mnote\u001b[0m: required for `Box<dyn StdError + std::marker::Send + Sync>` to implement `StdError`\n   \u001b[1m\u001b[94m= \u001b[0m\u001b[1mnote\u001b[0m: required for `Box<dyn StdError>` to implement `From<Box<dyn StdError + std::marker::Send + Sync>>`\n\n"}
{"$message_type":"diagnostic","message":"aborting due to 2 previous errors; 1 warning emitted","code":null,"level":"error","spans":[],"children":[],"rendered":"\u001b[1m\u001b[91merror\u001b[0m\u001b[1m: aborting due to 2 previous errors; 1 warning emitted\u001b[0m\n\n"}
{"$message_type":"diagnostic","message":"For more information about this error, try `rustc --explain E0277`.","code":null,"level":"failure-note","spans":[],"children":[],"rendered":"\u001b[1mFor more information about this error, try `rustc --explain E0277`.\u001b[0m\n"}
